python3.12 -m venv .venv
.venv/bin/pip install --upgrade pip
Requirement already satisfied: pip in ./.venv/lib/python3.12/site-packages (24.2)
Collecting pip
  Downloading pip-26.1.2-py3-none-any.whl.metadata (4.6 kB)
Downloading pip-26.1.2-py3-none-any.whl (1.8 MB)
   ━━━━━━━━━━━━━━━━━━━━━━━━━━━━━━━━━━━━━━━━ 1.8/1.8 MB 9.6 MB/s eta 0:00:00

Installing collected packages: pip
  Attempting uninstall: pip
    Found existing installation: pip 24.2
    Uninstalling pip-24.2:
      Successfully uninstalled pip-24.2
Successfully installed pip-26.1.2
.venv/bin/pip install "arc-agi>=0.9.6" "kaggle>=2.2" python-dotenv pandas pyarrow
Collecting arc-agi>=0.9.6
  Downloading arc_agi-0.9.9-py3-none-any.whl.metadata (18 kB)
Collecting kaggle>=2.2
  Downloading kaggle-2.2.3-py3-none-any.whl.metadata (16 kB)
Collecting python-dotenv
  Downloading python_dotenv-1.2.2-py3-none-any.whl.metadata (27 kB)
Collecting pandas
  Downloading pandas-3.0.3-cp312-cp312-macosx_11_0_arm64.whl.metadata (79 kB)
Collecting pyarrow
  Downloading pyarrow-25.0.0-cp312-cp312-macosx_12_0_arm64.whl.metadata (3.0 kB)
Collecting arcengine>=0.9.3 (from arc-agi>=0.9.6)
  Downloading arcengine-0.9.3-py3-none-any.whl.metadata (27 kB)
Collecting flask>=3.1.0 (from arc-agi>=0.9.6)
  Downloading flask-3.1.3-py3-none-any.whl.metadata (3.2 kB)
Collecting matplotlib>=3.7.0 (from arc-agi>=0.9.6)
  Downloading matplotlib-3.11.1-cp312-cp312-macosx_11_0_arm64.whl.metadata (80 kB)
Collecting pydantic>=2.0.0 (from arc-agi>=0.9.6)
  Using cached pydantic-2.13.4-py3-none-any.whl.metadata (109 kB)
Collecting pillow>=12.1.1 (from arc-agi>=0.9.6)
  Downloading pillow-12.3.0-cp312-cp312-macosx_11_0_arm64.whl.metadata (9.1 kB)
Collecting requests>=2.31.0 (from arc-agi>=0.9.6)
  Downloading requests-2.34.2-py3-none-any.whl.metadata (4.8 kB)
Collecting bleach (from kaggle>=2.2)
  Downloading bleach-6.4.0-py3-none-any.whl.metadata (32 kB)
Collecting jupytext (from kaggle>=2.2)
  Downloading jupytext-1.19.4-py3-none-any.whl.metadata (15 kB)
Collecting kagglesdk<1.0,>=0.1.30 (from kaggle>=2.2)
  Downloading kagglesdk-0.1.34-py3-none-any.whl.metadata (13 kB)
Collecting packaging (from kaggle>=2.2)
  Using cached packaging-26.2-py3-none-any.whl.metadata (3.5 kB)
Collecting protobuf (from kaggle>=2.2)
  Downloading protobuf-7.35.1-cp310-abi3-macosx_10_9_universal2.whl.metadata (595 bytes)
Collecting python-dateutil (from kaggle>=2.2)
  Using cached python_dateutil-2.9.0.post0-py2.py3-none-any.whl.metadata (8.4 kB)
Collecting python-slugify (from kaggle>=2.2)
  Downloading python_slugify-8.0.4-py2.py3-none-any.whl.metadata (8.5 kB)
Collecting tqdm (from kaggle>=2.2)
  Using cached tqdm-4.69.0-py3-none-any.whl.metadata (57 kB)
Collecting urllib3>=1.15.1 (from kaggle>=2.2)
  Downloading urllib3-2.7.0-py3-none-any.whl.metadata (6.9 kB)
Collecting numpy>=1.26.0 (from pandas)
  Downloading numpy-2.5.1-cp312-cp312-macosx_14_0_arm64.whl.metadata (6.6 kB)
Collecting blinker>=1.9.0 (from flask>=3.1.0->arc-agi>=0.9.6)
  Downloading blinker-1.9.0-py3-none-any.whl.metadata (1.6 kB)
Collecting click>=8.1.3 (from flask>=3.1.0->arc-agi>=0.9.6)
  Downloading click-8.4.2-py3-none-any.whl.metadata (2.6 kB)
Collecting itsdangerous>=2.2.0 (from flask>=3.1.0->arc-agi>=0.9.6)
  Downloading itsdangerous-2.2.0-py3-none-any.whl.metadata (1.9 kB)
Collecting jinja2>=3.1.2 (from flask>=3.1.0->arc-agi>=0.9.6)
  Downloading jinja2-3.1.6-py3-none-any.whl.metadata (2.9 kB)
Collecting markupsafe>=2.1.1 (from flask>=3.1.0->arc-agi>=0.9.6)
  Downloading markupsafe-3.0.3-cp312-cp312-macosx_11_0_arm64.whl.metadata (2.7 kB)
Collecting werkzeug>=3.1.0 (from flask>=3.1.0->arc-agi>=0.9.6)
  Downloading werkzeug-3.1.8-py3-none-any.whl.metadata (4.0 kB)
Collecting contourpy>=1.0.1 (from matplotlib>=3.7.0->arc-agi>=0.9.6)
  Downloading contourpy-1.3.3-cp312-cp312-macosx_11_0_arm64.whl.metadata (5.5 kB)
Collecting cycler>=0.10 (from matplotlib>=3.7.0->arc-agi>=0.9.6)
  Downloading cycler-0.12.1-py3-none-any.whl.metadata (3.8 kB)
Collecting fonttools>=4.28.2 (from matplotlib>=3.7.0->arc-agi>=0.9.6)
  Downloading fonttools-4.63.0-cp312-cp312-macosx_10_13_universal2.whl.metadata (118 kB)
Collecting kiwisolver>=1.3.1 (from matplotlib>=3.7.0->arc-agi>=0.9.6)
  Downloading kiwisolver-1.5.0-cp312-cp312-macosx_11_0_arm64.whl.metadata (5.1 kB)
Collecting pyparsing>=3 (from matplotlib>=3.7.0->arc-agi>=0.9.6)
  Downloading pyparsing-3.3.2-py3-none-any.whl.metadata (5.8 kB)
Collecting annotated-types>=0.6.0 (from pydantic>=2.0.0->arc-agi>=0.9.6)
  Using cached annotated_types-0.7.0-py3-none-any.whl.metadata (15 kB)
Collecting pydantic-core==2.46.4 (from pydantic>=2.0.0->arc-agi>=0.9.6)
  Downloading pydantic_core-2.46.4-cp312-cp312-macosx_11_0_arm64.whl.metadata (6.6 kB)
Collecting typing-extensions>=4.14.1 (from pydantic>=2.0.0->arc-agi>=0.9.6)
  Using cached typing_extensions-4.16.0-py3-none-any.whl.metadata (3.3 kB)
Collecting typing-inspection>=0.4.2 (from pydantic>=2.0.0->arc-agi>=0.9.6)
  Using cached typing_inspection-0.4.2-py3-none-any.whl.metadata (2.6 kB)
Collecting six>=1.5 (from python-dateutil->kaggle>=2.2)
  Using cached six-1.17.0-py2.py3-none-any.whl.metadata (1.7 kB)
Collecting charset_normalizer<4,>=2 (from requests>=2.31.0->arc-agi>=0.9.6)
  Downloading charset_normalizer-3.4.9-cp312-cp312-macosx_10_13_universal2.whl.metadata (41 kB)
Collecting idna<4,>=2.5 (from requests>=2.31.0->arc-agi>=0.9.6)
  Using cached idna-3.18-py3-none-any.whl.metadata (6.1 kB)
Collecting certifi>=2023.5.7 (from requests>=2.31.0->arc-agi>=0.9.6)
  Using cached certifi-2026.6.17-py3-none-any.whl.metadata (2.5 kB)
Collecting webencodings (from bleach->kaggle>=2.2)
  Downloading webencodings-0.5.1-py2.py3-none-any.whl.metadata (2.1 kB)
Collecting markdown-it-py>=1.0 (from jupytext->kaggle>=2.2)
  Downloading markdown_it_py-4.2.0-py3-none-any.whl.metadata (7.4 kB)
Collecting mdit-py-plugins (from jupytext->kaggle>=2.2)
  Downloading mdit_py_plugins-0.6.1-py3-none-any.whl.metadata (2.9 kB)
Collecting nbformat (from jupytext->kaggle>=2.2)
  Downloading nbformat-5.10.4-py3-none-any.whl.metadata (3.6 kB)
Collecting pyyaml (from jupytext->kaggle>=2.2)
  Downloading pyyaml-6.0.3-cp312-cp312-macosx_11_0_arm64.whl.metadata (2.4 kB)
Collecting mdurl~=0.1 (from markdown-it-py>=1.0->jupytext->kaggle>=2.2)
  Using cached mdurl-0.1.2-py3-none-any.whl.metadata (1.6 kB)
Collecting fastjsonschema>=2.15 (from nbformat->jupytext->kaggle>=2.2)
  Downloading fastjsonschema-2.21.2-py3-none-any.whl.metadata (2.3 kB)
Collecting jsonschema>=2.6 (from nbformat->jupytext->kaggle>=2.2)
  Downloading jsonschema-4.26.0-py3-none-any.whl.metadata (7.6 kB)
Collecting jupyter-core!=5.0.*,>=4.12 (from nbformat->jupytext->kaggle>=2.2)
  Downloading jupyter_core-5.9.1-py3-none-any.whl.metadata (1.5 kB)
Collecting traitlets>=5.1 (from nbformat->jupytext->kaggle>=2.2)
  Downloading traitlets-5.15.1-py3-none-any.whl.metadata (10 kB)
Collecting attrs>=22.2.0 (from jsonschema>=2.6->nbformat->jupytext->kaggle>=2.2)
  Using cached attrs-26.1.0-py3-none-any.whl.metadata (8.8 kB)
Collecting jsonschema-specifications>=2023.03.6 (from jsonschema>=2.6->nbformat->jupytext->kaggle>=2.2)
  Downloading jsonschema_specifications-2025.9.1-py3-none-any.whl.metadata (2.9 kB)
Collecting referencing>=0.28.4 (from jsonschema>=2.6->nbformat->jupytext->kaggle>=2.2)
  Downloading referencing-0.37.0-py3-none-any.whl.metadata (2.8 kB)
Collecting rpds-py>=0.25.0 (from jsonschema>=2.6->nbformat->jupytext->kaggle>=2.2)
  Downloading rpds_py-2026.6.3-cp312-cp312-macosx_11_0_arm64.whl.metadata (4.1 kB)
Collecting platformdirs>=2.5 (from jupyter-core!=5.0.*,>=4.12->nbformat->jupytext->kaggle>=2.2)
  Downloading platformdirs-4.10.1-py3-none-any.whl.metadata (5.5 kB)
Collecting text-unidecode>=1.3 (from python-slugify->kaggle>=2.2)
  Downloading text_unidecode-1.3-py2.py3-none-any.whl.metadata (2.4 kB)
Downloading arc_agi-0.9.9-py3-none-any.whl (40 kB)
Downloading kaggle-2.2.3-py3-none-any.whl (111 kB)
Downloading kagglesdk-0.1.34-py3-none-any.whl (247 kB)
Downloading python_dotenv-1.2.2-py3-none-any.whl (22 kB)
Downloading pandas-3.0.3-cp312-cp312-macosx_11_0_arm64.whl (9.9 MB)
   ━━━━━━━━━━━━━━━━━━━━━━━━━━━━━━━━━━━━━━━━ 9.9/9.9 MB 55.7 MB/s  0:00:00

Downloading pyarrow-25.0.0-cp312-cp312-macosx_12_0_arm64.whl (35.9 MB)
   ━━━━━━━━━━━━━━━━━━━━━━━━━━━━━━━━━━━━━━━━ 35.9/35.9 MB 85.0 MB/s  0:00:00

Downloading arcengine-0.9.3-py3-none-any.whl (38 kB)
Downloading flask-3.1.3-py3-none-any.whl (103 kB)
Downloading blinker-1.9.0-py3-none-any.whl (8.5 kB)
Downloading click-8.4.2-py3-none-any.whl (119 kB)
Downloading itsdangerous-2.2.0-py3-none-any.whl (16 kB)
Downloading jinja2-3.1.6-py3-none-any.whl (134 kB)
Downloading markupsafe-3.0.3-cp312-cp312-macosx_11_0_arm64.whl (12 kB)
Downloading matplotlib-3.11.1-cp312-cp312-macosx_11_0_arm64.whl (9.3 MB)
   ━━━━━━━━━━━━━━━━━━━━━━━━━━━━━━━━━━━━━━━━ 9.3/9.3 MB 100.0 MB/s  0:00:00

Downloading contourpy-1.3.3-cp312-cp312-macosx_11_0_arm64.whl (273 kB)
Downloading cycler-0.12.1-py3-none-any.whl (8.3 kB)
Downloading fonttools-4.63.0-cp312-cp312-macosx_10_13_universal2.whl (2.9 MB)
   ━━━━━━━━━━━━━━━━━━━━━━━━━━━━━━━━━━━━━━━━ 2.9/2.9 MB 80.0 MB/s  0:00:00

Downloading kiwisolver-1.5.0-cp312-cp312-macosx_11_0_arm64.whl (64 kB)
Downloading numpy-2.5.1-cp312-cp312-macosx_14_0_arm64.whl (5.3 MB)
   ━━━━━━━━━━━━━━━━━━━━━━━━━━━━━━━━━━━━━━━━ 5.3/5.3 MB 88.3 MB/s  0:00:00

Using cached packaging-26.2-py3-none-any.whl (100 kB)
Downloading pillow-12.3.0-cp312-cp312-macosx_11_0_arm64.whl (4.8 MB)
   ━━━━━━━━━━━━━━━━━━━━━━━━━━━━━━━━━━━━━━━━ 4.8/4.8 MB 90.8 MB/s  0:00:00

Using cached pydantic-2.13.4-py3-none-any.whl (472 kB)
Downloading pydantic_core-2.46.4-cp312-cp312-macosx_11_0_arm64.whl (2.0 MB)
   ━━━━━━━━━━━━━━━━━━━━━━━━━━━━━━━━━━━━━━━━ 2.0/2.0 MB 62.4 MB/s  0:00:00

Using cached annotated_types-0.7.0-py3-none-any.whl (13 kB)
Downloading pyparsing-3.3.2-py3-none-any.whl (122 kB)
Using cached python_dateutil-2.9.0.post0-py2.py3-none-any.whl (229 kB)
Downloading requests-2.34.2-py3-none-any.whl (73 kB)
Downloading charset_normalizer-3.4.9-cp312-cp312-macosx_10_13_universal2.whl (319 kB)
Using cached idna-3.18-py3-none-any.whl (65 kB)
Downloading urllib3-2.7.0-py3-none-any.whl (131 kB)
Using cached certifi-2026.6.17-py3-none-any.whl (133 kB)
Using cached six-1.17.0-py2.py3-none-any.whl (11 kB)
Using cached typing_extensions-4.16.0-py3-none-any.whl (45 kB)
Using cached typing_inspection-0.4.2-py3-none-any.whl (14 kB)
Downloading werkzeug-3.1.8-py3-none-any.whl (226 kB)
Downloading bleach-6.4.0-py3-none-any.whl (165 kB)
Downloading jupytext-1.19.4-py3-none-any.whl (170 kB)
Downloading markdown_it_py-4.2.0-py3-none-any.whl (91 kB)
Using cached mdurl-0.1.2-py3-none-any.whl (10.0 kB)
Downloading mdit_py_plugins-0.6.1-py3-none-any.whl (66 kB)
Downloading nbformat-5.10.4-py3-none-any.whl (78 kB)
Downloading fastjsonschema-2.21.2-py3-none-any.whl (24 kB)
Downloading jsonschema-4.26.0-py3-none-any.whl (90 kB)
Using cached attrs-26.1.0-py3-none-any.whl (67 kB)
Downloading jsonschema_specifications-2025.9.1-py3-none-any.whl (18 kB)
Downloading jupyter_core-5.9.1-py3-none-any.whl (29 kB)
Downloading platformdirs-4.10.1-py3-none-any.whl (22 kB)
Downloading referencing-0.37.0-py3-none-any.whl (26 kB)
Downloading rpds_py-2026.6.3-cp312-cp312-macosx_11_0_arm64.whl (338 kB)
Downloading traitlets-5.15.1-py3-none-any.whl (85 kB)
Downloading protobuf-7.35.1-cp310-abi3-macosx_10_9_universal2.whl (433 kB)
Downloading python_slugify-8.0.4-py2.py3-none-any.whl (10 kB)
Downloading text_unidecode-1.3-py2.py3-none-any.whl (78 kB)
Downloading pyyaml-6.0.3-cp312-cp312-macosx_11_0_arm64.whl (173 kB)
Using cached tqdm-4.69.0-py3-none-any.whl (676 kB)
Downloading webencodings-0.5.1-py2.py3-none-any.whl (11 kB)
Installing collected packages: webencodings, text-unidecode, fastjsonschema, urllib3, typing-extensions, traitlets, tqdm, six, rpds-py, pyyaml, python-slugify, python-dotenv, pyparsing, pyarrow, protobuf, platformdirs, pillow, packaging, numpy, mdurl, markupsafe, kiwisolver, itsdangerous, idna, fonttools, cycler, click, charset_normalizer, certifi, blinker, bleach, attrs, annotated-types, werkzeug, typing-inspection, requests, referencing, python-dateutil, pydantic-core, markdown-it-py, jupyter-core, jinja2, contourpy, pydantic, pandas, mdit-py-plugins, matplotlib, kagglesdk, jsonschema-specifications, flask, jsonschema, arcengine, nbformat, arc-agi, jupytext, kaggle


Successfully installed annotated-types-0.7.0 arc-agi-0.9.9 arcengine-0.9.3 attrs-26.1.0 bleach-6.4.0 blinker-1.9.0 certifi-2026.6.17 charset_normalizer-3.4.9 click-8.4.2 contourpy-1.3.3 cycler-0.12.1 fastjsonschema-2.21.2 flask-3.1.3 fonttools-4.63.0 idna-3.18 itsdangerous-2.2.0 jinja2-3.1.6 jsonschema-4.26.0 jsonschema-specifications-2025.9.1 jupyter-core-5.9.1 jupytext-1.19.4 kaggle-2.2.3 kagglesdk-0.1.34 kiwisolver-1.5.0 markdown-it-py-4.2.0 markupsafe-3.0.3 matplotlib-3.11.1 mdit-py-plugins-0.6.1 mdurl-0.1.2 nbformat-5.10.4 numpy-2.5.1 packaging-26.2 pandas-3.0.3 pillow-12.3.0 platformdirs-4.10.1 protobuf-7.35.1 pyarrow-25.0.0 pydantic-2.13.4 pydantic-core-2.46.4 pyparsing-3.3.2 python-dateutil-2.9.0.post0 python-dotenv-1.2.2 python-slugify-8.0.4 pyyaml-6.0.3 referencing-0.37.0 requests-2.34.2 rpds-py-2026.6.3 six-1.17.0 text-unidecode-1.3 tqdm-4.69.0 traitlets-5.15.1 typing-extensions-4.16.0 typing-inspection-0.4.2 urllib3-2.7.0 webencodings-0.5.1 werkzeug-3.1.8
Cloning into 'vendor/ARC-AGI-3-Agents'...
[slim_framework] Slimmed vendor/ARC-AGI-3-Agents/agents/__init__.py

Setup complete. Try:  make play-local
