.venv/bin/python scripts/play_local.py --game ls20,vc33 --max-steps 50
Matplotlib is building the font cache; this may take a moment.
INFO:arc_agi.scorecard:Initialized ScorecardManager with idle_for=0:15:00 and max_open_for=3 days, 0:00:00
2026-07-21 06:25:35 | INFO | Got anonymous API key: 1039b718-024c-470e-a9ae-7a3edf2ed2ef
Got anonymous API key: 1039b718-024c-470e-a9ae-7a3edf2ed2ef
2026-07-21 06:25:35 | INFO | You can register for an API key at https://three.arcprize.org
You can register for an API key at https://three.arcprize.org
2026-07-21 06:25:35 | INFO | Successfully fetched 25 environment(s) from API
Successfully fetched 25 environment(s) from API
=== [1/2] ls20 ===
2026-07-21 06:25:35 | INFO | Created new scorecard: afe509b5-f0a2-49f1-855b-2586b8781b07
Created new scorecard: afe509b5-f0a2-49f1-855b-2586b8781b07
2026-07-21 06:25:35 | INFO | Successfully fetched metadata for game ls20
Successfully fetched metadata for game ls20
2026-07-21 06:25:35 | INFO | Successfully downloaded game ls20 (version: 9607627b) to environment_files/ls20/9607627b
Successfully downloaded game ls20 (version: 9607627b) to environment_files/ls20/9607627b
2026-07-21 06:25:35 | INFO | Successfully loaded game class Ls20 from environment_files/ls20/9607627b/ls20.py
Successfully loaded game class Ls20 from environment_files/ls20/9607627b/ls20.py
ls20 - ACTION2: count 0, levels completed 0, avg fps 0.0)
ls20 - ACTION1: count 1, levels completed 0, avg fps 10.0)
ls20 - ACTION4: count 2, levels completed 0, avg fps 20.0)
ls20 - ACTION2: count 3, levels completed 0, avg fps 30.0)
ls20 - ACTION4: count 4, levels completed 0, avg fps 40.0)
ls20 - ACTION3: count 5, levels completed 0, avg fps 50.0)
ls20 - ACTION4: count 6, levels completed 0, avg fps 60.0)
ls20 - ACTION4: count 7, levels completed 0, avg fps 70.0)
ls20 - ACTION4: count 8, levels completed 0, avg fps 80.0)
ls20 - ACTION4: count 9, levels completed 0, avg fps 90.0)
ls20 - ACTION4: count 10, levels completed 0, avg fps 100.0)
ls20 - ACTION5: count 11, levels completed 0, avg fps 110.0)
ls20 - ACTION6: count 12, levels completed 0, avg fps 120.0)
ls20 - ACTION4: count 13, levels completed 0, avg fps 130.0)
ls20 - ACTION3: count 14, levels completed 0, avg fps 140.0)
ls20 - ACTION1: count 15, levels completed 0, avg fps 150.0)
ls20 - ACTION3: count 16, levels completed 0, avg fps 160.0)
ls20 - ACTION4: count 17, levels completed 0, avg fps 170.0)
ls20 - ACTION4: count 18, levels completed 0, avg fps 180.0)
ls20 - ACTION5: count 19, levels completed 0, avg fps 190.0)
ls20 - ACTION2: count 20, levels completed 0, avg fps 200.0)
ls20 - ACTION2: count 21, levels completed 0, avg fps 210.0)
ls20 - ACTION4: count 22, levels completed 0, avg fps 220.0)
ls20 - ACTION4: count 23, levels completed 0, avg fps 230.0)
ls20 - ACTION4: count 24, levels completed 0, avg fps 240.0)
ls20 - ACTION4: count 25, levels completed 0, avg fps 250.0)
ls20 - ACTION4: count 26, levels completed 0, avg fps 260.0)
ls20 - ACTION4: count 27, levels completed 0, avg fps 270.0)
ls20 - ACTION5: count 28, levels completed 0, avg fps 280.0)
ls20 - ACTION6: count 29, levels completed 0, avg fps 290.0)
ls20 - ACTION2: count 30, levels completed 0, avg fps 300.0)
ls20 - ACTION5: count 31, levels completed 0, avg fps 310.0)
ls20 - ACTION1: count 32, levels completed 0, avg fps 320.0)
ls20 - ACTION3: count 33, levels completed 0, avg fps 330.0)
ls20 - ACTION4: count 34, levels completed 0, avg fps 340.0)
ls20 - ACTION5: count 35, levels completed 0, avg fps 350.0)
ls20 - ACTION7: count 36, levels completed 0, avg fps 360.0)
ls20 - ACTION4: count 37, levels completed 0, avg fps 370.0)
ls20 - ACTION7: count 38, levels completed 0, avg fps 380.0)
ls20 - ACTION4: count 39, levels completed 0, avg fps 390.0)
ls20 - ACTION6: count 40, levels completed 0, avg fps 400.0)
ls20 - ACTION4: count 41, levels completed 0, avg fps 410.0)
ls20 - ACTION7: count 42, levels completed 0, avg fps 420.0)
ls20 - ACTION3: count 43, levels completed 0, avg fps 430.0)
ls20 - ACTION2: count 44, levels completed 0, avg fps 440.0)
ls20 - ACTION4: count 45, levels completed 0, avg fps 450.0)
ls20 - ACTION2: count 46, levels completed 0, avg fps 460.0)
ls20 - ACTION4: count 47, levels completed 0, avg fps 470.0)
ls20 - ACTION5: count 48, levels completed 0, avg fps 480.0)
ls20 - ACTION5: count 49, levels completed 0, avg fps 490.0)
ls20 - ACTION3: count 50, levels completed 0, avg fps 500.0)
Exiting: agent reached MAX_ACTIONS of 50, took 0.08 seconds (510.0 average fps)
  → state=GameState.NOT_FINISHED, levels_completed=0, actions=51
=== [2/2] vc33 ===
2026-07-21 06:25:36 | INFO | Successfully fetched metadata for game vc33
Successfully fetched metadata for game vc33
2026-07-21 06:25:36 | INFO | Successfully downloaded game vc33 (version: 5430563c) to environment_files/vc33/5430563c
Successfully downloaded game vc33 (version: 5430563c) to environment_files/vc33/5430563c
2026-07-21 06:25:36 | INFO | Successfully loaded game class Vc33 from environment_files/vc33/5430563c/vc33.py
Successfully loaded game class Vc33 from environment_files/vc33/5430563c/vc33.py
vc33 - ACTION6: count 0, levels completed 0, avg fps 0.0)
vc33 - ACTION1: count 1, levels completed 0, avg fps 10.0)
vc33 - ACTION1: count 2, levels completed 0, avg fps 20.0)
vc33 - ACTION5: count 3, levels completed 0, avg fps 30.0)
vc33 - ACTION6: count 4, levels completed 0, avg fps 40.0)
vc33 - ACTION7: count 5, levels completed 0, avg fps 50.0)
vc33 - ACTION5: count 6, levels completed 0, avg fps 60.0)
vc33 - ACTION4: count 7, levels completed 0, avg fps 70.0)
vc33 - ACTION4: count 8, levels completed 0, avg fps 80.0)
vc33 - ACTION1: count 9, levels completed 0, avg fps 90.0)
vc33 - ACTION1: count 10, levels completed 0, avg fps 100.0)
vc33 - ACTION6: count 11, levels completed 0, avg fps 110.0)
vc33 - ACTION5: count 12, levels completed 0, avg fps 120.0)
vc33 - ACTION1: count 13, levels completed 0, avg fps 130.0)
vc33 - ACTION2: count 14, levels completed 0, avg fps 140.0)
vc33 - ACTION2: count 15, levels completed 0, avg fps 150.0)
vc33 - ACTION1: count 16, levels completed 0, avg fps 160.0)
vc33 - ACTION4: count 17, levels completed 0, avg fps 170.0)
vc33 - ACTION5: count 18, levels completed 0, avg fps 180.0)
vc33 - ACTION2: count 19, levels completed 0, avg fps 190.0)
vc33 - ACTION7: count 20, levels completed 0, avg fps 200.0)
vc33 - ACTION2: count 21, levels completed 0, avg fps 210.0)
vc33 - ACTION4: count 22, levels completed 0, avg fps 220.0)
vc33 - ACTION3: count 23, levels completed 0, avg fps 230.0)
vc33 - ACTION3: count 24, levels completed 0, avg fps 240.0)
vc33 - ACTION2: count 25, levels completed 0, avg fps 250.0)
vc33 - ACTION3: count 26, levels completed 0, avg fps 260.0)
vc33 - ACTION6: count 27, levels completed 0, avg fps 270.0)
vc33 - ACTION7: count 28, levels completed 0, avg fps 280.0)
vc33 - ACTION5: count 29, levels completed 0, avg fps 290.0)
vc33 - ACTION4: count 30, levels completed 0, avg fps 300.0)
vc33 - ACTION6: count 31, levels completed 0, avg fps 310.0)
vc33 - ACTION7: count 32, levels completed 0, avg fps 320.0)
vc33 - ACTION4: count 33, levels completed 0, avg fps 330.0)
vc33 - ACTION4: count 34, levels completed 0, avg fps 340.0)
vc33 - ACTION4: count 35, levels completed 0, avg fps 350.0)
vc33 - ACTION4: count 36, levels completed 0, avg fps 360.0)
vc33 - ACTION6: count 37, levels completed 0, avg fps 370.0)
vc33 - ACTION5: count 38, levels completed 0, avg fps 380.0)
vc33 - ACTION6: count 39, levels completed 0, avg fps 390.0)
vc33 - ACTION4: count 40, levels completed 0, avg fps 400.0)
vc33 - ACTION7: count 41, levels completed 0, avg fps 410.0)
vc33 - ACTION6: count 42, levels completed 0, avg fps 420.0)
vc33 - ACTION5: count 43, levels completed 0, avg fps 430.0)
vc33 - ACTION5: count 44, levels completed 0, avg fps 440.0)
vc33 - ACTION4: count 45, levels completed 0, avg fps 450.0)
vc33 - ACTION3: count 46, levels completed 0, avg fps 460.0)
vc33 - ACTION1: count 47, levels completed 0, avg fps 470.0)
vc33 - ACTION1: count 48, levels completed 0, avg fps 480.0)
vc33 - ACTION3: count 49, levels completed 0, avg fps 490.0)
vc33 - ACTION2: count 50, levels completed 0, avg fps 500.0)
Exiting: agent reached MAX_ACTIONS of 50, took 0.03 seconds (510.0 average fps)
  → state=GameState.NOT_FINISHED, levels_completed=0, actions=51

========= SUMMARY =========
  ls20     levels=  0  actions=   51  state=GameState.NOT_FINISHED
  vc33     levels=  0  actions=   51  state=GameState.NOT_FINISHED

Aggregate scorecard score: 0.0
