HANG_SCAN engines=22 residue=98
eng_done s1_bar_count_delta_column new=0 t=349
eng_done s1_blocks_bridged_by_color new=0 t=737
eng_done s1_count_2x2_diag_ones new=0 t=1142
eng_done s1_frame_extract_project new=0 t=1563
eng_done s1_panel_motif_projection new=0 t=2018
eng_done s1_xor_across_sep_row new=0 t=2407
eng_done s2_corner_fill_2x2 new=0 t=2802
eng_done s2_g_d8e07eb2 new=0 t=3212
eng_done s2_marker_gate_recolor new=0 t=3574
eng_done s2_marker_paint_block_edge new=0 t=3958
eng_done s2_ones_shape_template_recolor new=0 t=4375
eng_done s2_seven_triplet_rail new=0 t=4801
eng_done s3_contact_grow_fill new=0 t=5190
eng_done s3_g_88bcf3b4 new=0 t=5571
eng_done s3_g_a25697e4 new=0 t=5985
eng_done s3_g_a395ee82 new=0 t=6449
eng_done s3_g_c7f57c3e new=0 t=6877
eng_done s3_g_dfadab01 new=0 t=7169
eng_done s3_g_e3721c99 new=0 t=7488
eng_done s3_period_motif_tile new=0 t=7930
eng_done s3_separator_gap_stack new=0 t=8341
eng_done s3_separator_motif_fill new=0 t=8755
DONE new=0 mine=42 checked=2156 elapsed=8755.3
