START zoom_engine_mine residue=161 pending=161 stored=3 eng_timeout=4.0s exp_engines=0 zoom_only=True
progress 10/161 new=0 stored=3
progress 20/161 new=0 stored=3
progress 30/161 new=0 stored=3
progress 40/161 new=0 stored=3
progress 50/161 new=0 stored=3
progress 60/161 new=0 stored=3
progress 70/161 new=0 stored=3
progress 80/161 new=0 stored=3
progress 90/161 new=0 stored=3
progress 100/161 new=0 stored=3
progress 110/161 new=0 stored=3
progress 120/161 new=0 stored=3
progress 130/161 new=0 stored=3
progress 140/161 new=0 stored=3
progress 150/161 new=0 stored=3
progress 160/161 new=0 stored=3
DONE {"new_closes": 0, "stored": 3, "pending_seen": 161, "elapsed_s": 55.9, "closed_ids": ["310f3251", "3979b1a8", "3af2c5a8"], "recorded_at_utc": "2026-07-21T20:38:11.084767+00:00"}
real 65.68
user 0.83
sys 0.21
